<?xml version="1.0" encoding="UTF-8"?>
<!-- Generated by org.testng.reporters.JUnitXMLReporter -->
<testsuite ignored="12" hostname="himanshu-Latitude-7490" failures="0" tests="8" name="Test_Chrome" time="46.738" errors="0" timestamp="2024-11-26T13:55:21 IST">
  <testcase classname="easyshop.EditProfileTest" name="editProfileTest" time="1.469"/>
  <testcase classname="easyshop.SearchFieldWithCategoryTest" name="searchFieldWithCategoryTest" time="2.446"/>
  <testcase classname="easyshop.LoginTest" name="loginTest" time="0.052"/>
  <testcase classname="easyshop.SearchFieldWithProductTest" name="searchFieldWithProductTest" time="0.93"/>
  <testcase classname="easyshop.ProductDescriptionTest" name="productDescriptionTest" time="1.234"/>
  <testcase classname="easyshop.ProceedToCheckoutTest" name="proceedToCheckoutTest" time="4.764"/>
  <testcase classname="easyshop.AddProductToWishlistTest" name="addProductToWishlistTest" time="11.217"/>
  <testcase classname="easyshop.AdminAddAProductE2ETest" name="adminAddAProductE2ETest" time="18.507"/>
  <testcase classname="easyshop.baseclass.BaseClass" name="@BeforeSuite setupSuite" time="0.0">
    <ignored/>
  </testcase> <!-- @BeforeSuite setupSuite -->
  <testcase classname="easyshop.baseclass.BaseClass" name="@BeforeSuite setupSuite" time="0.0">
    <ignored/>
  </testcase> <!-- @BeforeSuite setupSuite -->
  <testcase classname="easyshop.baseclass.BaseClass" name="@BeforeSuite setupSuite" time="0.0">
    <ignored/>
  </testcase> <!-- @BeforeSuite setupSuite -->
  <testcase classname="easyshop.baseclass.BaseClass" name="@BeforeSuite setupSuite" time="0.0">
    <ignored/>
  </testcase> <!-- @BeforeSuite setupSuite -->
  <testcase classname="easyshop.baseclass.BaseClass" name="@BeforeSuite setupSuite" time="0.0">
    <ignored/>
  </testcase> <!-- @BeforeSuite setupSuite -->
  <testcase classname="easyshop.baseclass.BaseClass" name="@BeforeSuite setupSuite" time="0.0">
    <ignored/>
  </testcase> <!-- @BeforeSuite setupSuite -->
  <testcase classname="easyshop.baseclass.BaseClass" name="@AfterSuite tearDownSuite" time="0.0">
    <ignored/>
  </testcase> <!-- @AfterSuite tearDownSuite -->
  <testcase classname="easyshop.baseclass.BaseClass" name="@AfterSuite tearDownSuite" time="0.0">
    <ignored/>
  </testcase> <!-- @AfterSuite tearDownSuite -->
  <testcase classname="easyshop.baseclass.BaseClass" name="@AfterSuite tearDownSuite" time="0.0">
    <ignored/>
  </testcase> <!-- @AfterSuite tearDownSuite -->
  <testcase classname="easyshop.baseclass.BaseClass" name="@AfterSuite tearDownSuite" time="0.0">
    <ignored/>
  </testcase> <!-- @AfterSuite tearDownSuite -->
  <testcase classname="easyshop.baseclass.BaseClass" name="@AfterSuite tearDownSuite" time="0.0">
    <ignored/>
  </testcase> <!-- @AfterSuite tearDownSuite -->
  <testcase classname="easyshop.baseclass.BaseClass" name="@AfterSuite tearDownSuite" time="0.0">
    <ignored/>
  </testcase> <!-- @AfterSuite tearDownSuite -->
</testsuite> <!-- Test_Chrome -->
