<?xml version="1.0" encoding="UTF-8"?>
<!-- Generated by org.testng.reporters.JUnitXMLReporter -->
<testsuite ignored="8" hostname="himanshu-Latitude-7490" failures="1" tests="5" name="Test" time="12.279" errors="0" timestamp="2024-11-11T00:51:58 IST">
  <testcase classname="easyshop.LoginTest" name="loginTest" time="0.138"/>
  <testcase classname="easyshop.SearchFieldWithProductTest" name="searchFieldWithProductTest" time="0.502"/>
  <testcase classname="easyshop.ProductDescriptionTest" name="productDescriptionTest" time="0.706"/>
  <testcase classname="easyshop.SearchFieldWithCategoryTest" name="searchFieldWithCategoryTest" time="4.133">
    <failure type="java.lang.AssertionError" message="null">
      <![CDATA[java.lang.AssertionError: null
at easyshop.SearchFieldWithCategoryTest.searchFieldWithCategoryTest(SearchFieldWithCategoryTest.java:38)
at java.base/java.util.concurrent.ThreadPoolExecutor.runWorker(ThreadPoolExecutor.java:1144)
at java.base/java.util.concurrent.ThreadPoolExecutor$Worker.run(ThreadPoolExecutor.java:642)
at java.base/java.lang.Thread.run(Thread.java:1583)
... Removed 12 stack frames]]>
    </failure>
  </testcase> <!-- searchFieldWithCategoryTest -->
  <testcase classname="easyshop.EditProfileTest" name="editProfileTest" time="3.792"/>
  <testcase classname="easyshop.baseclass.BaseClass" name="@BeforeSuite setupSuite" time="0.0">
    <ignored/>
  </testcase> <!-- @BeforeSuite setupSuite -->
  <testcase classname="easyshop.baseclass.BaseClass" name="@BeforeSuite setupSuite" time="0.0">
    <ignored/>
  </testcase> <!-- @BeforeSuite setupSuite -->
  <testcase classname="easyshop.baseclass.BaseClass" name="@BeforeSuite setupSuite" time="0.0">
    <ignored/>
  </testcase> <!-- @BeforeSuite setupSuite -->
  <testcase classname="easyshop.baseclass.BaseClass" name="@BeforeSuite setupSuite" time="0.0">
    <ignored/>
  </testcase> <!-- @BeforeSuite setupSuite -->
  <testcase classname="easyshop.baseclass.BaseClass" name="@AfterSuite tearDownSuite" time="0.0">
    <ignored/>
  </testcase> <!-- @AfterSuite tearDownSuite -->
  <testcase classname="easyshop.baseclass.BaseClass" name="@AfterSuite tearDownSuite" time="0.0">
    <ignored/>
  </testcase> <!-- @AfterSuite tearDownSuite -->
  <testcase classname="easyshop.baseclass.BaseClass" name="@AfterSuite tearDownSuite" time="0.0">
    <ignored/>
  </testcase> <!-- @AfterSuite tearDownSuite -->
  <testcase classname="easyshop.baseclass.BaseClass" name="@AfterSuite tearDownSuite" time="0.0">
    <ignored/>
  </testcase> <!-- @AfterSuite tearDownSuite -->
</testsuite> <!-- Test -->
